<?xml version="1.0" encoding="UTF-8"?>
<coverage generated="1709928331957" clover="3.2.0">
  <project timestamp="1709928331957" name="All files">
    <metrics statements="155" coveredstatements="62" conditionals="16" coveredconditionals="5" methods="64" coveredmethods="14" elements="235" coveredelements="81" complexity="0" loc="155" ncloc="155" packages="1" files="10" classes="10"/>
    <file name="AnswerImageItem.jsx" path="/Users/richardli/hackreactoractual/KFC-s-FEC/client/src/components/QuestionsAndAnswers/AnswerImageItem.jsx">
      <metrics statements="5" coveredstatements="1" conditionals="2" coveredconditionals="0" methods="3" coveredmethods="0"/>
      <line num="4" count="1" type="stmt"/>
      <line num="5" count="0" type="stmt"/>
      <line num="6" count="0" type="stmt"/>
      <line num="9" count="0" type="stmt"/>
      <line num="12" count="0" type="stmt"/>
    </file>
    <file name="AnswerImageModalContent.jsx" path="/Users/richardli/hackreactoractual/KFC-s-FEC/client/src/components/QuestionsAndAnswers/AnswerImageModalContent.jsx">
      <metrics statements="2" coveredstatements="1" conditionals="0" coveredconditionals="0" methods="1" coveredmethods="0"/>
      <line num="1" count="1" type="stmt"/>
      <line num="3" count="0" type="stmt"/>
    </file>
    <file name="AnswerItem.jsx" path="/Users/richardli/hackreactoractual/KFC-s-FEC/client/src/components/QuestionsAndAnswers/AnswerItem.jsx">
      <metrics statements="26" coveredstatements="1" conditionals="2" coveredconditionals="0" methods="10" coveredmethods="0"/>
      <line num="4" count="1" type="stmt"/>
      <line num="5" count="0" type="stmt"/>
      <line num="6" count="0" type="stmt"/>
      <line num="7" count="0" type="stmt"/>
      <line num="8" count="0" type="stmt"/>
      <line num="9" count="0" type="stmt"/>
      <line num="14" count="0" type="stmt"/>
      <line num="15" count="0" type="stmt"/>
      <line num="16" count="0" type="stmt"/>
      <line num="18" count="0" type="stmt"/>
      <line num="19" count="0" type="stmt"/>
      <line num="21" count="0" type="stmt"/>
      <line num="22" count="0" type="stmt"/>
      <line num="23" count="0" type="stmt"/>
      <line num="26" count="0" type="stmt"/>
      <line num="30" count="0" type="stmt"/>
      <line num="31" count="0" type="stmt"/>
      <line num="33" count="0" type="stmt"/>
      <line num="34" count="0" type="stmt"/>
      <line num="37" count="0" type="stmt"/>
      <line num="40" count="0" type="stmt"/>
      <line num="41" count="0" type="stmt"/>
      <line num="43" count="0" type="stmt"/>
      <line num="44" count="0" type="stmt"/>
      <line num="47" count="0" type="stmt"/>
      <line num="56" count="0" type="stmt"/>
    </file>
    <file name="AnswerList.jsx" path="/Users/richardli/hackreactoractual/KFC-s-FEC/client/src/components/QuestionsAndAnswers/AnswerList.jsx">
      <metrics statements="17" coveredstatements="12" conditionals="2" coveredconditionals="1" methods="9" coveredmethods="4"/>
      <line num="4" count="1" type="stmt"/>
      <line num="7" count="2" type="stmt"/>
      <line num="8" count="2" type="stmt"/>
      <line num="9" count="2" type="stmt"/>
      <line num="10" count="0" type="stmt"/>
      <line num="12" count="2" type="stmt"/>
      <line num="13" count="2" type="stmt"/>
      <line num="15" count="2" type="stmt"/>
      <line num="18" count="0" type="stmt"/>
      <line num="19" count="0" type="stmt"/>
      <line num="22" count="0" type="stmt"/>
      <line num="25" count="2" type="stmt"/>
      <line num="26" count="2" type="stmt"/>
      <line num="28" count="2" type="stmt"/>
      <line num="29" count="2" type="stmt"/>
      <line num="32" count="2" type="stmt"/>
      <line num="36" count="0" type="stmt"/>
    </file>
    <file name="AnswerModalContent.jsx" path="/Users/richardli/hackreactoractual/KFC-s-FEC/client/src/components/QuestionsAndAnswers/AnswerModalContent.jsx">
      <metrics statements="27" coveredstatements="1" conditionals="0" coveredconditionals="0" methods="9" coveredmethods="0"/>
      <line num="4" count="1" type="stmt"/>
      <line num="6" count="0" type="stmt"/>
      <line num="7" count="0" type="stmt"/>
      <line num="8" count="0" type="stmt"/>
      <line num="9" count="0" type="stmt"/>
      <line num="10" count="0" type="stmt"/>
      <line num="12" count="0" type="stmt"/>
      <line num="13" count="0" type="stmt"/>
      <line num="15" count="0" type="stmt"/>
      <line num="16" count="0" type="stmt"/>
      <line num="18" count="0" type="stmt"/>
      <line num="19" count="0" type="stmt"/>
      <line num="21" count="0" type="stmt"/>
      <line num="22" count="0" type="stmt"/>
      <line num="28" count="0" type="stmt"/>
      <line num="29" count="0" type="stmt"/>
      <line num="31" count="0" type="stmt"/>
      <line num="34" count="0" type="stmt"/>
      <line num="37" count="0" type="stmt"/>
      <line num="38" count="0" type="stmt"/>
      <line num="39" count="0" type="stmt"/>
      <line num="40" count="0" type="stmt"/>
      <line num="41" count="0" type="stmt"/>
      <line num="44" count="0" type="stmt"/>
      <line num="45" count="0" type="stmt"/>
      <line num="46" count="0" type="stmt"/>
      <line num="49" count="0" type="stmt"/>
    </file>
    <file name="QuestionItem.jsx" path="/Users/richardli/hackreactoractual/KFC-s-FEC/client/src/components/QuestionsAndAnswers/QuestionItem.jsx">
      <metrics statements="19" coveredstatements="11" conditionals="2" coveredconditionals="1" methods="8" coveredmethods="2"/>
      <line num="6" count="1" type="stmt"/>
      <line num="8" count="2" type="stmt"/>
      <line num="9" count="2" type="stmt"/>
      <line num="10" count="2" type="stmt"/>
      <line num="11" count="2" type="stmt"/>
      <line num="12" count="2" type="stmt"/>
      <line num="13" count="2" type="stmt"/>
      <line num="14" count="0" type="stmt"/>
      <line num="16" count="0" type="stmt"/>
      <line num="17" count="0" type="stmt"/>
      <line num="18" count="0" type="stmt"/>
      <line num="21" count="0" type="stmt"/>
      <line num="24" count="2" type="stmt"/>
      <line num="25" count="2" type="stmt"/>
      <line num="27" count="2" type="stmt"/>
      <line num="28" count="0" type="stmt"/>
      <line num="30" count="2" type="stmt"/>
      <line num="43" count="0" type="stmt"/>
      <line num="47" count="0" type="stmt"/>
    </file>
    <file name="QuestionModalContent.jsx" path="/Users/richardli/hackreactoractual/KFC-s-FEC/client/src/components/QuestionsAndAnswers/QuestionModalContent.jsx">
      <metrics statements="20" coveredstatements="11" conditionals="0" coveredconditionals="0" methods="8" coveredmethods="1"/>
      <line num="4" count="1" type="stmt"/>
      <line num="6" count="1" type="stmt"/>
      <line num="7" count="1" type="stmt"/>
      <line num="8" count="1" type="stmt"/>
      <line num="9" count="1" type="stmt"/>
      <line num="10" count="1" type="stmt"/>
      <line num="11" count="0" type="stmt"/>
      <line num="13" count="1" type="stmt"/>
      <line num="14" count="0" type="stmt"/>
      <line num="16" count="1" type="stmt"/>
      <line num="17" count="0" type="stmt"/>
      <line num="19" count="1" type="stmt"/>
      <line num="21" count="0" type="stmt"/>
      <line num="27" count="0" type="stmt"/>
      <line num="29" count="0" type="stmt"/>
      <line num="32" count="0" type="stmt"/>
      <line num="35" count="1" type="stmt"/>
      <line num="36" count="0" type="stmt"/>
      <line num="37" count="0" type="stmt"/>
      <line num="40" count="1" type="stmt"/>
    </file>
    <file name="QuestionsAndAnswers.jsx" path="/Users/richardli/hackreactoractual/KFC-s-FEC/client/src/components/QuestionsAndAnswers/QuestionsAndAnswers.jsx">
      <metrics statements="21" coveredstatements="11" conditionals="4" coveredconditionals="1" methods="7" coveredmethods="3"/>
      <line num="7" count="1" type="stmt"/>
      <line num="8" count="4" type="stmt"/>
      <line num="9" count="4" type="stmt"/>
      <line num="10" count="4" type="stmt"/>
      <line num="12" count="4" type="stmt"/>
      <line num="13" count="0" type="stmt"/>
      <line num="14" count="0" type="stmt"/>
      <line num="16" count="0" type="stmt"/>
      <line num="17" count="0" type="cond" truecount="0" falsecount="2"/>
      <line num="18" count="0" type="stmt"/>
      <line num="22" count="4" type="stmt"/>
      <line num="23" count="4" type="stmt"/>
      <line num="27" count="0" type="stmt"/>
      <line num="28" count="0" type="stmt"/>
      <line num="29" count="0" type="stmt"/>
      <line num="32" count="0" type="stmt"/>
      <line num="36" count="4" type="stmt"/>
      <line num="37" count="4" type="stmt"/>
      <line num="40" count="4" type="cond" truecount="1" falsecount="1"/>
      <line num="41" count="4" type="stmt"/>
      <line num="43" count="0" type="stmt"/>
    </file>
    <file name="QuestionsList.jsx" path="/Users/richardli/hackreactoractual/KFC-s-FEC/client/src/components/QuestionsAndAnswers/QuestionsList.jsx">
      <metrics statements="12" coveredstatements="9" conditionals="4" coveredconditionals="2" methods="7" coveredmethods="3"/>
      <line num="5" count="1" type="stmt"/>
      <line num="6" count="1" type="stmt"/>
      <line num="7" count="1" type="stmt"/>
      <line num="8" count="1" type="stmt"/>
      <line num="9" count="0" type="stmt"/>
      <line num="11" count="1" type="stmt"/>
      <line num="12" count="1" type="stmt"/>
      <line num="14" count="1" type="stmt"/>
      <line num="15" count="1" type="stmt"/>
      <line num="18" count="1" type="stmt"/>
      <line num="33" count="0" type="stmt"/>
      <line num="38" count="0" type="stmt"/>
    </file>
    <file name="SearchAnswers.jsx" path="/Users/richardli/hackreactoractual/KFC-s-FEC/client/src/components/QuestionsAndAnswers/SearchAnswers.jsx">
      <metrics statements="6" coveredstatements="4" conditionals="0" coveredconditionals="0" methods="2" coveredmethods="1"/>
      <line num="3" count="1" type="stmt"/>
      <line num="5" count="1" type="stmt"/>
      <line num="7" count="1" type="stmt"/>
      <line num="8" count="0" type="stmt"/>
      <line num="9" count="0" type="stmt"/>
      <line num="12" count="1" type="stmt"/>
    </file>
  </project>
</coverage>
