{"/Users/richardli/hackreactoractual/KFC-s-FEC/client/src/components/QuestionsAndAnswers/AnswerImageItem.jsx": {"path":"/Users/richardli/hackreactoractual/KFC-s-FEC/client/src/components/QuestionsAndAnswers/AnswerImageItem.jsx","statementMap":{"0":{"start":{"line":4,"column":24},"end":{"line":19,"column":1}},"1":{"start":{"line":5,"column":36},"end":{"line":5,"column":51}},"2":{"start":{"line":6,"column":2},"end":{"line":17,"column":3}},"3":{"start":{"line":9,"column":67},"end":{"line":9,"column":85}},"4":{"start":{"line":12,"column":67},"end":{"line":12,"column":86}}},"fnMap":{"0":{"name":"(anonymous_0)","decl":{"start":{"line":4,"column":24},"end":{"line":4,"column":25}},"loc":{"start":{"line":4,"column":46},"end":{"line":19,"column":1}},"line":4},"1":{"name":"(anonymous_1)","decl":{"start":{"line":9,"column":61},"end":{"line":9,"column":62}},"loc":{"start":{"line":9,"column":67},"end":{"line":9,"column":85}},"line":9},"2":{"name":"(anonymous_2)","decl":{"start":{"line":12,"column":62},"end":{"line":12,"column":63}},"loc":{"start":{"line":12,"column":67},"end":{"line":12,"column":86}},"line":12}},"branchMap":{"0":{"loc":{"start":{"line":10,"column":7},"end":{"line":14,"column":26}},"type":"binary-expr","locations":[{"start":{"line":10,"column":7},"end":{"line":10,"column":16}},{"start":{"line":10,"column":20},"end":{"line":14,"column":26}}],"line":10}},"s":{"0":1,"1":0,"2":0,"3":0,"4":0},"f":{"0":0,"1":0,"2":0},"b":{"0":[0,0]},"_coverageSchema":"1a1c01bbd47fc00a2c39e90264f33305004495a9","hash":"56e50d3851604cfe3c4ab4c6a025dd87fd2796f8"}
,"/Users/richardli/hackreactoractual/KFC-s-FEC/client/src/components/QuestionsAndAnswers/AnswerImageModalContent.jsx": {"path":"/Users/richardli/hackreactoractual/KFC-s-FEC/client/src/components/QuestionsAndAnswers/AnswerImageModalContent.jsx","statementMap":{"0":{"start":{"line":1,"column":32},"end":{"line":13,"column":1}},"1":{"start":{"line":3,"column":2},"end":{"line":11,"column":3}}},"fnMap":{"0":{"name":"(anonymous_0)","decl":{"start":{"line":1,"column":32},"end":{"line":1,"column":33}},"loc":{"start":{"line":1,"column":56},"end":{"line":13,"column":1}},"line":1}},"branchMap":{},"s":{"0":1,"1":0},"f":{"0":0},"b":{},"_coverageSchema":"1a1c01bbd47fc00a2c39e90264f33305004495a9","hash":"50e582bf1463da103c4c4c592f5b1febddac0885"}
,"/Users/richardli/hackreactoractual/KFC-s-FEC/client/src/components/QuestionsAndAnswers/AnswerItem.jsx": {"path":"/Users/richardli/hackreactoractual/KFC-s-FEC/client/src/components/QuestionsAndAnswers/AnswerItem.jsx","statementMap":{"0":{"start":{"line":4,"column":19},"end":{"line":76,"column":1}},"1":{"start":{"line":5,"column":20},"end":{"line":5,"column":36}},"2":{"start":{"line":6,"column":44},"end":{"line":6,"column":72}},"3":{"start":{"line":7,"column":34},"end":{"line":7,"column":50}},"4":{"start":{"line":8,"column":34},"end":{"line":8,"column":49}},"5":{"start":{"line":9,"column":15},"end":{"line":13,"column":3}},"6":{"start":{"line":14,"column":19},"end":{"line":14,"column":40}},"7":{"start":{"line":15,"column":21},"end":{"line":15,"column":58}},"8":{"start":{"line":16,"column":20},"end":{"line":16,"column":47}},"9":{"start":{"line":18,"column":20},"end":{"line":28,"column":3}},"10":{"start":{"line":19,"column":4},"end":{"line":27,"column":8}},"11":{"start":{"line":21,"column":8},"end":{"line":21,"column":26}},"12":{"start":{"line":22,"column":8},"end":{"line":22,"column":28}},"13":{"start":{"line":23,"column":8},"end":{"line":23,"column":55}},"14":{"start":{"line":26,"column":8},"end":{"line":26,"column":61}},"15":{"start":{"line":30,"column":23},"end":{"line":39,"column":3}},"16":{"start":{"line":31,"column":4},"end":{"line":38,"column":8}},"17":{"start":{"line":33,"column":8},"end":{"line":33,"column":28}},"18":{"start":{"line":34,"column":8},"end":{"line":34,"column":51}},"19":{"start":{"line":37,"column":8},"end":{"line":37,"column":60}},"20":{"start":{"line":40,"column":2},"end":{"line":42,"column":7}},"21":{"start":{"line":41,"column":4},"end":{"line":41,"column":33}},"22":{"start":{"line":43,"column":2},"end":{"line":45,"column":15}},"23":{"start":{"line":44,"column":4},"end":{"line":44,"column":40}},"24":{"start":{"line":47,"column":2},"end":{"line":74,"column":3}},"25":{"start":{"line":56,"column":12},"end":{"line":56,"column":134}}},"fnMap":{"0":{"name":"(anonymous_0)","decl":{"start":{"line":4,"column":19},"end":{"line":4,"column":20}},"loc":{"start":{"line":4,"column":82},"end":{"line":76,"column":1}},"line":4},"1":{"name":"(anonymous_1)","decl":{"start":{"line":18,"column":20},"end":{"line":18,"column":21}},"loc":{"start":{"line":18,"column":26},"end":{"line":28,"column":3}},"line":18},"2":{"name":"(anonymous_2)","decl":{"start":{"line":20,"column":12},"end":{"line":20,"column":13}},"loc":{"start":{"line":20,"column":18},"end":{"line":24,"column":7}},"line":20},"3":{"name":"(anonymous_3)","decl":{"start":{"line":25,"column":13},"end":{"line":25,"column":14}},"loc":{"start":{"line":25,"column":22},"end":{"line":27,"column":7}},"line":25},"4":{"name":"(anonymous_4)","decl":{"start":{"line":30,"column":23},"end":{"line":30,"column":24}},"loc":{"start":{"line":30,"column":29},"end":{"line":39,"column":3}},"line":30},"5":{"name":"(anonymous_5)","decl":{"start":{"line":32,"column":12},"end":{"line":32,"column":13}},"loc":{"start":{"line":32,"column":18},"end":{"line":35,"column":7}},"line":32},"6":{"name":"(anonymous_6)","decl":{"start":{"line":36,"column":13},"end":{"line":36,"column":14}},"loc":{"start":{"line":36,"column":22},"end":{"line":38,"column":7}},"line":36},"7":{"name":"(anonymous_7)","decl":{"start":{"line":40,"column":12},"end":{"line":40,"column":13}},"loc":{"start":{"line":40,"column":17},"end":{"line":42,"column":3}},"line":40},"8":{"name":"(anonymous_8)","decl":{"start":{"line":43,"column":12},"end":{"line":43,"column":13}},"loc":{"start":{"line":43,"column":17},"end":{"line":45,"column":3}},"line":43},"9":{"name":"(anonymous_9)","decl":{"start":{"line":55,"column":29},"end":{"line":55,"column":30}},"loc":{"start":{"line":55,"column":38},"end":{"line":57,"column":11}},"line":55}},"branchMap":{"0":{"loc":{"start":{"line":61,"column":21},"end":{"line":61,"column":129}},"type":"cond-expr","locations":[{"start":{"line":61,"column":69},"end":{"line":61,"column":108}},{"start":{"line":61,"column":109},"end":{"line":61,"column":129}}],"line":61}},"s":{"0":1,"1":0,"2":0,"3":0,"4":0,"5":0,"6":0,"7":0,"8":0,"9":0,"10":0,"11":0,"12":0,"13":0,"14":0,"15":0,"16":0,"17":0,"18":0,"19":0,"20":0,"21":0,"22":0,"23":0,"24":0,"25":0},"f":{"0":0,"1":0,"2":0,"3":0,"4":0,"5":0,"6":0,"7":0,"8":0,"9":0},"b":{"0":[0,0]},"_coverageSchema":"1a1c01bbd47fc00a2c39e90264f33305004495a9","hash":"2eb5c2e515e45e3d03bacda4dc5205cbe0ff01b7"}
,"/Users/richardli/hackreactoractual/KFC-s-FEC/client/src/components/QuestionsAndAnswers/AnswerList.jsx": {"path":"/Users/richardli/hackreactoractual/KFC-s-FEC/client/src/components/QuestionsAndAnswers/AnswerList.jsx","statementMap":{"0":{"start":{"line":4,"column":19},"end":{"line":51,"column":1}},"1":{"start":{"line":7,"column":32},"end":{"line":7,"column":44}},"2":{"start":{"line":8,"column":50},"end":{"line":8,"column":61}},"3":{"start":{"line":9,"column":25},"end":{"line":11,"column":3}},"4":{"start":{"line":10,"column":4},"end":{"line":10,"column":73}},"5":{"start":{"line":10,"column":47},"end":{"line":10,"column":71}},"6":{"start":{"line":12,"column":21},"end":{"line":12,"column":55}},"7":{"start":{"line":13,"column":28},"end":{"line":24,"column":3}},"8":{"start":{"line":15,"column":4},"end":{"line":23,"column":8}},"9":{"start":{"line":18,"column":28},"end":{"line":18,"column":48}},"10":{"start":{"line":19,"column":8},"end":{"line":19,"column":32}},"11":{"start":{"line":22,"column":8},"end":{"line":22,"column":58}},"12":{"start":{"line":25,"column":2},"end":{"line":27,"column":8}},"13":{"start":{"line":26,"column":4},"end":{"line":26,"column":24}},"14":{"start":{"line":28,"column":2},"end":{"line":30,"column":18}},"15":{"start":{"line":29,"column":4},"end":{"line":29,"column":27}},"16":{"start":{"line":32,"column":2},"end":{"line":49,"column":3}},"17":{"start":{"line":36,"column":8},"end":{"line":42,"column":33}}},"fnMap":{"0":{"name":"(anonymous_0)","decl":{"start":{"line":4,"column":19},"end":{"line":4,"column":20}},"loc":{"start":{"line":4,"column":70},"end":{"line":51,"column":1}},"line":4},"1":{"name":"(anonymous_1)","decl":{"start":{"line":9,"column":25},"end":{"line":9,"column":26}},"loc":{"start":{"line":9,"column":31},"end":{"line":11,"column":3}},"line":9},"2":{"name":"(anonymous_2)","decl":{"start":{"line":10,"column":24},"end":{"line":10,"column":25}},"loc":{"start":{"line":10,"column":47},"end":{"line":10,"column":71}},"line":10},"3":{"name":"(anonymous_3)","decl":{"start":{"line":13,"column":28},"end":{"line":13,"column":29}},"loc":{"start":{"line":13,"column":34},"end":{"line":24,"column":3}},"line":13},"4":{"name":"(anonymous_4)","decl":{"start":{"line":16,"column":12},"end":{"line":16,"column":13}},"loc":{"start":{"line":16,"column":25},"end":{"line":20,"column":7}},"line":16},"5":{"name":"(anonymous_5)","decl":{"start":{"line":21,"column":13},"end":{"line":21,"column":14}},"loc":{"start":{"line":21,"column":22},"end":{"line":23,"column":7}},"line":21},"6":{"name":"(anonymous_6)","decl":{"start":{"line":25,"column":12},"end":{"line":25,"column":13}},"loc":{"start":{"line":25,"column":18},"end":{"line":27,"column":3}},"line":25},"7":{"name":"(anonymous_7)","decl":{"start":{"line":28,"column":12},"end":{"line":28,"column":13}},"loc":{"start":{"line":28,"column":17},"end":{"line":30,"column":3}},"line":28},"8":{"name":"(anonymous_8)","decl":{"start":{"line":35,"column":22},"end":{"line":35,"column":23}},"loc":{"start":{"line":35,"column":32},"end":{"line":43,"column":7}},"line":35}},"branchMap":{"0":{"loc":{"start":{"line":44,"column":7},"end":{"line":46,"column":7}},"type":"binary-expr","locations":[{"start":{"line":44,"column":7},"end":{"line":44,"column":40}},{"start":{"line":45,"column":8},"end":{"line":45,"column":68}}],"line":44}},"s":{"0":1,"1":2,"2":2,"3":2,"4":0,"5":0,"6":2,"7":2,"8":2,"9":0,"10":0,"11":0,"12":2,"13":2,"14":2,"15":2,"16":2,"17":0},"f":{"0":2,"1":0,"2":0,"3":2,"4":0,"5":0,"6":2,"7":2,"8":0},"b":{"0":[2,0]},"_coverageSchema":"1a1c01bbd47fc00a2c39e90264f33305004495a9","hash":"ea7c881a1bc7c9fec97594ae2618b297cb62be1e"}
,"/Users/richardli/hackreactoractual/KFC-s-FEC/client/src/components/QuestionsAndAnswers/AnswerModalContent.jsx": {"path":"/Users/richardli/hackreactoractual/KFC-s-FEC/client/src/components/QuestionsAndAnswers/AnswerModalContent.jsx","statementMap":{"0":{"start":{"line":4,"column":27},"end":{"line":68,"column":1}},"1":{"start":{"line":6,"column":38},"end":{"line":6,"column":50}},"2":{"start":{"line":7,"column":42},"end":{"line":7,"column":54}},"3":{"start":{"line":8,"column":36},"end":{"line":8,"column":48}},"4":{"start":{"line":9,"column":38},"end":{"line":9,"column":50}},"5":{"start":{"line":10,"column":36},"end":{"line":10,"column":51}},"6":{"start":{"line":12,"column":27},"end":{"line":14,"column":3}},"7":{"start":{"line":13,"column":4},"end":{"line":13,"column":34}},"8":{"start":{"line":15,"column":29},"end":{"line":17,"column":3}},"9":{"start":{"line":16,"column":4},"end":{"line":16,"column":36}},"10":{"start":{"line":18,"column":26},"end":{"line":20,"column":3}},"11":{"start":{"line":19,"column":4},"end":{"line":19,"column":33}},"12":{"start":{"line":21,"column":28},"end":{"line":36,"column":3}},"13":{"start":{"line":22,"column":17},"end":{"line":27,"column":5}},"14":{"start":{"line":28,"column":4},"end":{"line":28,"column":22}},"15":{"start":{"line":29,"column":4},"end":{"line":35,"column":8}},"16":{"start":{"line":31,"column":8},"end":{"line":31,"column":30}},"17":{"start":{"line":34,"column":8},"end":{"line":34,"column":50}},"18":{"start":{"line":37,"column":23},"end":{"line":43,"column":3}},"19":{"start":{"line":38,"column":17},"end":{"line":38,"column":55}},"20":{"start":{"line":39,"column":21},"end":{"line":39,"column":23}},"21":{"start":{"line":40,"column":4},"end":{"line":40,"column":24}},"22":{"start":{"line":41,"column":4},"end":{"line":41,"column":28}},"23":{"start":{"line":44,"column":23},"end":{"line":47,"column":3}},"24":{"start":{"line":45,"column":4},"end":{"line":45,"column":24}},"25":{"start":{"line":46,"column":4},"end":{"line":46,"column":14}},"26":{"start":{"line":49,"column":2},"end":{"line":66,"column":3}}},"fnMap":{"0":{"name":"(anonymous_0)","decl":{"start":{"line":4,"column":27},"end":{"line":4,"column":28}},"loc":{"start":{"line":4,"column":103},"end":{"line":68,"column":1}},"line":4},"1":{"name":"(anonymous_1)","decl":{"start":{"line":12,"column":27},"end":{"line":12,"column":28}},"loc":{"start":{"line":12,"column":34},"end":{"line":14,"column":3}},"line":12},"2":{"name":"(anonymous_2)","decl":{"start":{"line":15,"column":29},"end":{"line":15,"column":30}},"loc":{"start":{"line":15,"column":36},"end":{"line":17,"column":3}},"line":15},"3":{"name":"(anonymous_3)","decl":{"start":{"line":18,"column":26},"end":{"line":18,"column":27}},"loc":{"start":{"line":18,"column":33},"end":{"line":20,"column":3}},"line":18},"4":{"name":"(anonymous_4)","decl":{"start":{"line":21,"column":28},"end":{"line":21,"column":29}},"loc":{"start":{"line":21,"column":34},"end":{"line":36,"column":3}},"line":21},"5":{"name":"(anonymous_5)","decl":{"start":{"line":30,"column":12},"end":{"line":30,"column":13}},"loc":{"start":{"line":30,"column":17},"end":{"line":32,"column":7}},"line":30},"6":{"name":"(anonymous_6)","decl":{"start":{"line":33,"column":13},"end":{"line":33,"column":14}},"loc":{"start":{"line":33,"column":21},"end":{"line":35,"column":7}},"line":33},"7":{"name":"(anonymous_7)","decl":{"start":{"line":37,"column":23},"end":{"line":37,"column":24}},"loc":{"start":{"line":37,"column":30},"end":{"line":43,"column":3}},"line":37},"8":{"name":"(anonymous_8)","decl":{"start":{"line":44,"column":23},"end":{"line":44,"column":24}},"loc":{"start":{"line":44,"column":29},"end":{"line":47,"column":3}},"line":44}},"branchMap":{},"s":{"0":1,"1":0,"2":0,"3":0,"4":0,"5":0,"6":0,"7":0,"8":0,"9":0,"10":0,"11":0,"12":0,"13":0,"14":0,"15":0,"16":0,"17":0,"18":0,"19":0,"20":0,"21":0,"22":0,"23":0,"24":0,"25":0,"26":0},"f":{"0":0,"1":0,"2":0,"3":0,"4":0,"5":0,"6":0,"7":0,"8":0},"b":{},"_coverageSchema":"1a1c01bbd47fc00a2c39e90264f33305004495a9","hash":"c360bb9eb714b5d08f3a4c1801041cdb1068b6f8"}
,"/Users/richardli/hackreactoractual/KFC-s-FEC/client/src/components/QuestionsAndAnswers/QuestionItem.jsx": {"path":"/Users/richardli/hackreactoractual/KFC-s-FEC/client/src/components/QuestionsAndAnswers/QuestionItem.jsx","statementMap":{"0":{"start":{"line":6,"column":21},"end":{"line":58,"column":1}},"1":{"start":{"line":8,"column":22},"end":{"line":8,"column":42}},"2":{"start":{"line":9,"column":49},"end":{"line":9,"column":88}},"3":{"start":{"line":10,"column":36},"end":{"line":10,"column":51}},"4":{"start":{"line":11,"column":34},"end":{"line":11,"column":46}},"5":{"start":{"line":12,"column":34},"end":{"line":12,"column":49}},"6":{"start":{"line":13,"column":20},"end":{"line":23,"column":3}},"7":{"start":{"line":14,"column":4},"end":{"line":22,"column":8}},"8":{"start":{"line":16,"column":8},"end":{"line":16,"column":26}},"9":{"start":{"line":17,"column":8},"end":{"line":17,"column":30}},"10":{"start":{"line":18,"column":8},"end":{"line":18,"column":55}},"11":{"start":{"line":21,"column":8},"end":{"line":21,"column":61}},"12":{"start":{"line":24,"column":2},"end":{"line":26,"column":20}},"13":{"start":{"line":25,"column":4},"end":{"line":25,"column":53}},"14":{"start":{"line":27,"column":21},"end":{"line":29,"column":3}},"15":{"start":{"line":28,"column":4},"end":{"line":28,"column":20}},"16":{"start":{"line":30,"column":2},"end":{"line":56,"column":3}},"17":{"start":{"line":43,"column":28},"end":{"line":43,"column":46}},"18":{"start":{"line":47,"column":94},"end":{"line":47,"column":113}}},"fnMap":{"0":{"name":"(anonymous_0)","decl":{"start":{"line":6,"column":21},"end":{"line":6,"column":22}},"loc":{"start":{"line":6,"column":106},"end":{"line":58,"column":1}},"line":6},"1":{"name":"(anonymous_1)","decl":{"start":{"line":13,"column":20},"end":{"line":13,"column":21}},"loc":{"start":{"line":13,"column":26},"end":{"line":23,"column":3}},"line":13},"2":{"name":"(anonymous_2)","decl":{"start":{"line":15,"column":12},"end":{"line":15,"column":13}},"loc":{"start":{"line":15,"column":18},"end":{"line":19,"column":7}},"line":15},"3":{"name":"(anonymous_3)","decl":{"start":{"line":20,"column":13},"end":{"line":20,"column":14}},"loc":{"start":{"line":20,"column":22},"end":{"line":22,"column":7}},"line":20},"4":{"name":"(anonymous_4)","decl":{"start":{"line":24,"column":12},"end":{"line":24,"column":13}},"loc":{"start":{"line":24,"column":17},"end":{"line":26,"column":3}},"line":24},"5":{"name":"(anonymous_5)","decl":{"start":{"line":27,"column":21},"end":{"line":27,"column":22}},"loc":{"start":{"line":27,"column":29},"end":{"line":29,"column":3}},"line":27},"6":{"name":"(anonymous_6)","decl":{"start":{"line":43,"column":22},"end":{"line":43,"column":23}},"loc":{"start":{"line":43,"column":28},"end":{"line":43,"column":46}},"line":43},"7":{"name":"(anonymous_7)","decl":{"start":{"line":47,"column":89},"end":{"line":47,"column":90}},"loc":{"start":{"line":47,"column":94},"end":{"line":47,"column":113}},"line":47}},"branchMap":{"0":{"loc":{"start":{"line":44,"column":11},"end":{"line":50,"column":26}},"type":"binary-expr","locations":[{"start":{"line":44,"column":11},"end":{"line":44,"column":20}},{"start":{"line":44,"column":24},"end":{"line":50,"column":26}}],"line":44}},"s":{"0":1,"1":2,"2":2,"3":2,"4":2,"5":2,"6":2,"7":0,"8":0,"9":0,"10":0,"11":0,"12":2,"13":2,"14":2,"15":0,"16":2,"17":0,"18":0},"f":{"0":2,"1":0,"2":0,"3":0,"4":2,"5":0,"6":0,"7":0},"b":{"0":[2,0]},"_coverageSchema":"1a1c01bbd47fc00a2c39e90264f33305004495a9","hash":"61e4421d612bc3795aed1f1c0c8b93325b938cfa"}
,"/Users/richardli/hackreactoractual/KFC-s-FEC/client/src/components/QuestionsAndAnswers/QuestionModalContent.jsx": {"path":"/Users/richardli/hackreactoractual/KFC-s-FEC/client/src/components/QuestionsAndAnswers/QuestionModalContent.jsx","statementMap":{"0":{"start":{"line":4,"column":29},"end":{"line":58,"column":1}},"1":{"start":{"line":6,"column":42},"end":{"line":6,"column":54}},"2":{"start":{"line":7,"column":42},"end":{"line":7,"column":54}},"3":{"start":{"line":8,"column":36},"end":{"line":8,"column":48}},"4":{"start":{"line":9,"column":36},"end":{"line":9,"column":51}},"5":{"start":{"line":10,"column":29},"end":{"line":12,"column":3}},"6":{"start":{"line":11,"column":4},"end":{"line":11,"column":36}},"7":{"start":{"line":13,"column":29},"end":{"line":15,"column":3}},"8":{"start":{"line":14,"column":4},"end":{"line":14,"column":36}},"9":{"start":{"line":16,"column":26},"end":{"line":18,"column":3}},"10":{"start":{"line":17,"column":4},"end":{"line":17,"column":33}},"11":{"start":{"line":19,"column":30},"end":{"line":34,"column":3}},"12":{"start":{"line":21,"column":17},"end":{"line":26,"column":5}},"13":{"start":{"line":27,"column":4},"end":{"line":33,"column":8}},"14":{"start":{"line":29,"column":8},"end":{"line":29,"column":30}},"15":{"start":{"line":32,"column":8},"end":{"line":32,"column":52}},"16":{"start":{"line":35,"column":23},"end":{"line":38,"column":3}},"17":{"start":{"line":36,"column":4},"end":{"line":36,"column":26}},"18":{"start":{"line":37,"column":4},"end":{"line":37,"column":14}},"19":{"start":{"line":40,"column":2},"end":{"line":56,"column":3}}},"fnMap":{"0":{"name":"(anonymous_0)","decl":{"start":{"line":4,"column":29},"end":{"line":4,"column":30}},"loc":{"start":{"line":4,"column":85},"end":{"line":58,"column":1}},"line":4},"1":{"name":"(anonymous_1)","decl":{"start":{"line":10,"column":29},"end":{"line":10,"column":30}},"loc":{"start":{"line":10,"column":36},"end":{"line":12,"column":3}},"line":10},"2":{"name":"(anonymous_2)","decl":{"start":{"line":13,"column":29},"end":{"line":13,"column":30}},"loc":{"start":{"line":13,"column":36},"end":{"line":15,"column":3}},"line":13},"3":{"name":"(anonymous_3)","decl":{"start":{"line":16,"column":26},"end":{"line":16,"column":27}},"loc":{"start":{"line":16,"column":33},"end":{"line":18,"column":3}},"line":16},"4":{"name":"(anonymous_4)","decl":{"start":{"line":19,"column":30},"end":{"line":19,"column":31}},"loc":{"start":{"line":19,"column":36},"end":{"line":34,"column":3}},"line":19},"5":{"name":"(anonymous_5)","decl":{"start":{"line":28,"column":12},"end":{"line":28,"column":13}},"loc":{"start":{"line":28,"column":17},"end":{"line":30,"column":7}},"line":28},"6":{"name":"(anonymous_6)","decl":{"start":{"line":31,"column":13},"end":{"line":31,"column":14}},"loc":{"start":{"line":31,"column":21},"end":{"line":33,"column":7}},"line":31},"7":{"name":"(anonymous_7)","decl":{"start":{"line":35,"column":23},"end":{"line":35,"column":24}},"loc":{"start":{"line":35,"column":29},"end":{"line":38,"column":3}},"line":35}},"branchMap":{},"s":{"0":1,"1":1,"2":1,"3":1,"4":1,"5":1,"6":0,"7":1,"8":0,"9":1,"10":0,"11":1,"12":0,"13":0,"14":0,"15":0,"16":1,"17":0,"18":0,"19":1},"f":{"0":1,"1":0,"2":0,"3":0,"4":0,"5":0,"6":0,"7":0},"b":{},"_coverageSchema":"1a1c01bbd47fc00a2c39e90264f33305004495a9","hash":"96ea72a667677fde65dfab723628e249b1f6ddfa"}
,"/Users/richardli/hackreactoractual/KFC-s-FEC/client/src/components/QuestionsAndAnswers/QuestionsAndAnswers.jsx": {"path":"/Users/richardli/hackreactoractual/KFC-s-FEC/client/src/components/QuestionsAndAnswers/QuestionsAndAnswers.jsx","statementMap":{"0":{"start":{"line":7,"column":28},"end":{"line":57,"column":1}},"1":{"start":{"line":8,"column":42},"end":{"line":8,"column":56}},"2":{"start":{"line":9,"column":32},"end":{"line":9,"column":46}},"3":{"start":{"line":10,"column":38},"end":{"line":10,"column":52}},"4":{"start":{"line":12,"column":23},"end":{"line":20,"column":3}},"5":{"start":{"line":13,"column":19},"end":{"line":15,"column":6}},"6":{"start":{"line":14,"column":6},"end":{"line":14,"column":80}},"7":{"start":{"line":16,"column":4},"end":{"line":16,"column":28}},"8":{"start":{"line":17,"column":4},"end":{"line":19,"column":5}},"9":{"start":{"line":18,"column":6},"end":{"line":18,"column":31}},"10":{"start":{"line":22,"column":30},"end":{"line":34,"column":3}},"11":{"start":{"line":23,"column":4},"end":{"line":33,"column":8}},"12":{"start":{"line":27,"column":8},"end":{"line":27,"column":46}},"13":{"start":{"line":28,"column":8},"end":{"line":28,"column":41}},"14":{"start":{"line":29,"column":8},"end":{"line":29,"column":44}},"15":{"start":{"line":32,"column":8},"end":{"line":32,"column":81}},"16":{"start":{"line":36,"column":2},"end":{"line":38,"column":10}},"17":{"start":{"line":37,"column":4},"end":{"line":37,"column":26}},"18":{"start":{"line":40,"column":2},"end":{"line":42,"column":3}},"19":{"start":{"line":41,"column":4},"end":{"line":41,"column":32}},"20":{"start":{"line":43,"column":2},"end":{"line":55,"column":5}}},"fnMap":{"0":{"name":"(anonymous_0)","decl":{"start":{"line":7,"column":28},"end":{"line":7,"column":29}},"loc":{"start":{"line":7,"column":62},"end":{"line":57,"column":1}},"line":7},"1":{"name":"(anonymous_1)","decl":{"start":{"line":12,"column":23},"end":{"line":12,"column":24}},"loc":{"start":{"line":12,"column":34},"end":{"line":20,"column":3}},"line":12},"2":{"name":"(anonymous_2)","decl":{"start":{"line":13,"column":37},"end":{"line":13,"column":38}},"loc":{"start":{"line":13,"column":49},"end":{"line":15,"column":5}},"line":13},"3":{"name":"(anonymous_3)","decl":{"start":{"line":22,"column":30},"end":{"line":22,"column":31}},"loc":{"start":{"line":22,"column":36},"end":{"line":34,"column":3}},"line":22},"4":{"name":"(anonymous_4)","decl":{"start":{"line":24,"column":12},"end":{"line":24,"column":13}},"loc":{"start":{"line":24,"column":25},"end":{"line":30,"column":7}},"line":24},"5":{"name":"(anonymous_5)","decl":{"start":{"line":31,"column":13},"end":{"line":31,"column":14}},"loc":{"start":{"line":31,"column":22},"end":{"line":33,"column":7}},"line":31},"6":{"name":"(anonymous_6)","decl":{"start":{"line":36,"column":12},"end":{"line":36,"column":13}},"loc":{"start":{"line":36,"column":18},"end":{"line":38,"column":3}},"line":36}},"branchMap":{"0":{"loc":{"start":{"line":17,"column":4},"end":{"line":19,"column":5}},"type":"if","locations":[{"start":{"line":17,"column":4},"end":{"line":19,"column":5}},{"start":{},"end":{}}],"line":17},"1":{"loc":{"start":{"line":40,"column":2},"end":{"line":42,"column":3}},"type":"if","locations":[{"start":{"line":40,"column":2},"end":{"line":42,"column":3}},{"start":{},"end":{}}],"line":40}},"s":{"0":1,"1":4,"2":4,"3":4,"4":4,"5":0,"6":0,"7":0,"8":0,"9":0,"10":4,"11":4,"12":0,"13":0,"14":0,"15":0,"16":4,"17":4,"18":4,"19":4,"20":0},"f":{"0":4,"1":0,"2":0,"3":4,"4":0,"5":0,"6":4},"b":{"0":[0,0],"1":[4,0]},"_coverageSchema":"1a1c01bbd47fc00a2c39e90264f33305004495a9","hash":"6d4166ad518182d02ea275e9e5a10b42f58d1ba5"}
,"/Users/richardli/hackreactoractual/KFC-s-FEC/client/src/components/QuestionsAndAnswers/QuestionsList.jsx": {"path":"/Users/richardli/hackreactoractual/KFC-s-FEC/client/src/components/QuestionsAndAnswers/QuestionsList.jsx","statementMap":{"0":{"start":{"line":5,"column":22},"end":{"line":51,"column":1}},"1":{"start":{"line":6,"column":54},"end":{"line":6,"column":65}},"2":{"start":{"line":7,"column":36},"end":{"line":7,"column":51}},"3":{"start":{"line":8,"column":24},"end":{"line":10,"column":3}},"4":{"start":{"line":9,"column":4},"end":{"line":9,"column":79}},"5":{"start":{"line":9,"column":51},"end":{"line":9,"column":77}},"6":{"start":{"line":11,"column":2},"end":{"line":13,"column":9}},"7":{"start":{"line":12,"column":4},"end":{"line":12,"column":29}},"8":{"start":{"line":14,"column":26},"end":{"line":14,"column":66}},"9":{"start":{"line":15,"column":2},"end":{"line":49,"column":3}},"10":{"start":{"line":18,"column":7},"end":{"line":26,"column":8}},"11":{"start":{"line":33,"column":33},"end":{"line":33,"column":51}},"12":{"start":{"line":38,"column":30},"end":{"line":38,"column":49}}},"fnMap":{"0":{"name":"(anonymous_0)","decl":{"start":{"line":5,"column":22},"end":{"line":5,"column":23}},"loc":{"start":{"line":5,"column":89},"end":{"line":51,"column":1}},"line":5},"1":{"name":"(anonymous_1)","decl":{"start":{"line":8,"column":24},"end":{"line":8,"column":25}},"loc":{"start":{"line":8,"column":30},"end":{"line":10,"column":3}},"line":8},"2":{"name":"(anonymous_2)","decl":{"start":{"line":9,"column":26},"end":{"line":9,"column":27}},"loc":{"start":{"line":9,"column":51},"end":{"line":9,"column":77}},"line":9},"3":{"name":"(anonymous_3)","decl":{"start":{"line":11,"column":12},"end":{"line":11,"column":13}},"loc":{"start":{"line":11,"column":17},"end":{"line":13,"column":3}},"line":11},"4":{"name":"(anonymous_4)","decl":{"start":{"line":17,"column":27},"end":{"line":17,"column":28}},"loc":{"start":{"line":17,"column":48},"end":{"line":27,"column":7}},"line":17},"5":{"name":"(anonymous_5)","decl":{"start":{"line":33,"column":27},"end":{"line":33,"column":28}},"loc":{"start":{"line":33,"column":33},"end":{"line":33,"column":51}},"line":33},"6":{"name":"(anonymous_6)","decl":{"start":{"line":38,"column":25},"end":{"line":38,"column":26}},"loc":{"start":{"line":38,"column":30},"end":{"line":38,"column":49}},"line":38}},"branchMap":{"0":{"loc":{"start":{"line":29,"column":9},"end":{"line":31,"column":9}},"type":"binary-expr","locations":[{"start":{"line":29,"column":9},"end":{"line":29,"column":49}},{"start":{"line":30,"column":10},"end":{"line":30,"column":109}}],"line":29},"1":{"loc":{"start":{"line":34,"column":11},"end":{"line":44,"column":28}},"type":"binary-expr","locations":[{"start":{"line":34,"column":11},"end":{"line":34,"column":20}},{"start":{"line":34,"column":24},"end":{"line":44,"column":28}}],"line":34}},"s":{"0":1,"1":1,"2":1,"3":1,"4":0,"5":0,"6":1,"7":1,"8":1,"9":1,"10":1,"11":0,"12":0},"f":{"0":1,"1":0,"2":0,"3":1,"4":1,"5":0,"6":0},"b":{"0":[1,0],"1":[1,0]},"_coverageSchema":"1a1c01bbd47fc00a2c39e90264f33305004495a9","hash":"16b84e4b1d6afa8dd2229b0bc4ea9d17244147fd"}
,"/Users/richardli/hackreactoractual/KFC-s-FEC/client/src/components/QuestionsAndAnswers/SearchAnswers.jsx": {"path":"/Users/richardli/hackreactoractual/KFC-s-FEC/client/src/components/QuestionsAndAnswers/SearchAnswers.jsx","statementMap":{"0":{"start":{"line":3,"column":22},"end":{"line":19,"column":1}},"1":{"start":{"line":5,"column":30},"end":{"line":5,"column":42}},"2":{"start":{"line":7,"column":28},"end":{"line":10,"column":3}},"3":{"start":{"line":8,"column":4},"end":{"line":8,"column":30}},"4":{"start":{"line":9,"column":4},"end":{"line":9,"column":25}},"5":{"start":{"line":12,"column":2},"end":{"line":17,"column":3}}},"fnMap":{"0":{"name":"(anonymous_0)","decl":{"start":{"line":3,"column":22},"end":{"line":3,"column":23}},"loc":{"start":{"line":3,"column":44},"end":{"line":19,"column":1}},"line":3},"1":{"name":"(anonymous_1)","decl":{"start":{"line":7,"column":28},"end":{"line":7,"column":29}},"loc":{"start":{"line":7,"column":35},"end":{"line":10,"column":3}},"line":7}},"branchMap":{},"s":{"0":1,"1":1,"2":1,"3":0,"4":0,"5":1},"f":{"0":1,"1":0},"b":{},"_coverageSchema":"1a1c01bbd47fc00a2c39e90264f33305004495a9","hash":"1ebda8773ae308615bcd49b191a05200a6d83b26"}
}
