TN:
SF:client/src/components/QuestionsAndAnswers/AnswerImageItem.jsx
FN:4,(anonymous_0)
FN:9,(anonymous_1)
FN:12,(anonymous_2)
FNF:3
FNH:0
FNDA:0,(anonymous_0)
FNDA:0,(anonymous_1)
FNDA:0,(anonymous_2)
DA:4,1
DA:5,0
DA:6,0
DA:9,0
DA:12,0
LF:5
LH:1
BRDA:10,0,0,0
BRDA:10,0,1,0
BRF:2
BRH:0
end_of_record
TN:
SF:client/src/components/QuestionsAndAnswers/AnswerImageModalContent.jsx
FN:1,(anonymous_0)
FNF:1
FNH:0
FNDA:0,(anonymous_0)
DA:1,1
DA:3,0
LF:2
LH:1
BRF:0
BRH:0
end_of_record
TN:
SF:client/src/components/QuestionsAndAnswers/AnswerItem.jsx
FN:4,(anonymous_0)
FN:18,(anonymous_1)
FN:20,(anonymous_2)
FN:25,(anonymous_3)
FN:30,(anonymous_4)
FN:32,(anonymous_5)
FN:36,(anonymous_6)
FN:40,(anonymous_7)
FN:43,(anonymous_8)
FN:55,(anonymous_9)
FNF:10
FNH:0
FNDA:0,(anonymous_0)
FNDA:0,(anonymous_1)
FNDA:0,(anonymous_2)
FNDA:0,(anonymous_3)
FNDA:0,(anonymous_4)
FNDA:0,(anonymous_5)
FNDA:0,(anonymous_6)
FNDA:0,(anonymous_7)
FNDA:0,(anonymous_8)
FNDA:0,(anonymous_9)
DA:4,1
DA:5,0
DA:6,0
DA:7,0
DA:8,0
DA:9,0
DA:14,0
DA:15,0
DA:16,0
DA:18,0
DA:19,0
DA:21,0
DA:22,0
DA:23,0
DA:26,0
DA:30,0
DA:31,0
DA:33,0
DA:34,0
DA:37,0
DA:40,0
DA:41,0
DA:43,0
DA:44,0
DA:47,0
DA:56,0
LF:26
LH:1
BRDA:61,0,0,0
BRDA:61,0,1,0
BRF:2
BRH:0
end_of_record
TN:
SF:client/src/components/QuestionsAndAnswers/AnswerList.jsx
FN:4,(anonymous_0)
FN:9,(anonymous_1)
FN:10,(anonymous_2)
FN:13,(anonymous_3)
FN:16,(anonymous_4)
FN:21,(anonymous_5)
FN:25,(anonymous_6)
FN:28,(anonymous_7)
FN:35,(anonymous_8)
FNF:9
FNH:4
FNDA:2,(anonymous_0)
FNDA:0,(anonymous_1)
FNDA:0,(anonymous_2)
FNDA:2,(anonymous_3)
FNDA:0,(anonymous_4)
FNDA:0,(anonymous_5)
FNDA:2,(anonymous_6)
FNDA:2,(anonymous_7)
FNDA:0,(anonymous_8)
DA:4,1
DA:7,2
DA:8,2
DA:9,2
DA:10,0
DA:12,2
DA:13,2
DA:15,2
DA:18,0
DA:19,0
DA:22,0
DA:25,2
DA:26,2
DA:28,2
DA:29,2
DA:32,2
DA:36,0
LF:17
LH:12
BRDA:44,0,0,2
BRDA:44,0,1,0
BRF:2
BRH:1
end_of_record
TN:
SF:client/src/components/QuestionsAndAnswers/AnswerModalContent.jsx
FN:4,(anonymous_0)
FN:12,(anonymous_1)
FN:15,(anonymous_2)
FN:18,(anonymous_3)
FN:21,(anonymous_4)
FN:30,(anonymous_5)
FN:33,(anonymous_6)
FN:37,(anonymous_7)
FN:44,(anonymous_8)
FNF:9
FNH:0
FNDA:0,(anonymous_0)
FNDA:0,(anonymous_1)
FNDA:0,(anonymous_2)
FNDA:0,(anonymous_3)
FNDA:0,(anonymous_4)
FNDA:0,(anonymous_5)
FNDA:0,(anonymous_6)
FNDA:0,(anonymous_7)
FNDA:0,(anonymous_8)
DA:4,1
DA:6,0
DA:7,0
DA:8,0
DA:9,0
DA:10,0
DA:12,0
DA:13,0
DA:15,0
DA:16,0
DA:18,0
DA:19,0
DA:21,0
DA:22,0
DA:28,0
DA:29,0
DA:31,0
DA:34,0
DA:37,0
DA:38,0
DA:39,0
DA:40,0
DA:41,0
DA:44,0
DA:45,0
DA:46,0
DA:49,0
LF:27
LH:1
BRF:0
BRH:0
end_of_record
TN:
SF:client/src/components/QuestionsAndAnswers/QuestionItem.jsx
FN:6,(anonymous_0)
FN:13,(anonymous_1)
FN:15,(anonymous_2)
FN:20,(anonymous_3)
FN:24,(anonymous_4)
FN:27,(anonymous_5)
FN:43,(anonymous_6)
FN:47,(anonymous_7)
FNF:8
FNH:2
FNDA:2,(anonymous_0)
FNDA:0,(anonymous_1)
FNDA:0,(anonymous_2)
FNDA:0,(anonymous_3)
FNDA:2,(anonymous_4)
FNDA:0,(anonymous_5)
FNDA:0,(anonymous_6)
FNDA:0,(anonymous_7)
DA:6,1
DA:8,2
DA:9,2
DA:10,2
DA:11,2
DA:12,2
DA:13,2
DA:14,0
DA:16,0
DA:17,0
DA:18,0
DA:21,0
DA:24,2
DA:25,2
DA:27,2
DA:28,0
DA:30,2
DA:43,0
DA:47,0
LF:19
LH:11
BRDA:44,0,0,2
BRDA:44,0,1,0
BRF:2
BRH:1
end_of_record
TN:
SF:client/src/components/QuestionsAndAnswers/QuestionModalContent.jsx
FN:4,(anonymous_0)
FN:10,(anonymous_1)
FN:13,(anonymous_2)
FN:16,(anonymous_3)
FN:19,(anonymous_4)
FN:28,(anonymous_5)
FN:31,(anonymous_6)
FN:35,(anonymous_7)
FNF:8
FNH:1
FNDA:1,(anonymous_0)
FNDA:0,(anonymous_1)
FNDA:0,(anonymous_2)
FNDA:0,(anonymous_3)
FNDA:0,(anonymous_4)
FNDA:0,(anonymous_5)
FNDA:0,(anonymous_6)
FNDA:0,(anonymous_7)
DA:4,1
DA:6,1
DA:7,1
DA:8,1
DA:9,1
DA:10,1
DA:11,0
DA:13,1
DA:14,0
DA:16,1
DA:17,0
DA:19,1
DA:21,0
DA:27,0
DA:29,0
DA:32,0
DA:35,1
DA:36,0
DA:37,0
DA:40,1
LF:20
LH:11
BRF:0
BRH:0
end_of_record
TN:
SF:client/src/components/QuestionsAndAnswers/QuestionsAndAnswers.jsx
FN:7,(anonymous_0)
FN:12,(anonymous_1)
FN:13,(anonymous_2)
FN:22,(anonymous_3)
FN:24,(anonymous_4)
FN:31,(anonymous_5)
FN:36,(anonymous_6)
FNF:7
FNH:3
FNDA:4,(anonymous_0)
FNDA:0,(anonymous_1)
FNDA:0,(anonymous_2)
FNDA:4,(anonymous_3)
FNDA:0,(anonymous_4)
FNDA:0,(anonymous_5)
FNDA:4,(anonymous_6)
DA:7,1
DA:8,4
DA:9,4
DA:10,4
DA:12,4
DA:13,0
DA:14,0
DA:16,0
DA:17,0
DA:18,0
DA:22,4
DA:23,4
DA:27,0
DA:28,0
DA:29,0
DA:32,0
DA:36,4
DA:37,4
DA:40,4
DA:41,4
DA:43,0
LF:21
LH:11
BRDA:17,0,0,0
BRDA:17,0,1,0
BRDA:40,1,0,4
BRDA:40,1,1,0
BRF:4
BRH:1
end_of_record
TN:
SF:client/src/components/QuestionsAndAnswers/QuestionsList.jsx
FN:5,(anonymous_0)
FN:8,(anonymous_1)
FN:9,(anonymous_2)
FN:11,(anonymous_3)
FN:17,(anonymous_4)
FN:33,(anonymous_5)
FN:38,(anonymous_6)
FNF:7
FNH:3
FNDA:1,(anonymous_0)
FNDA:0,(anonymous_1)
FNDA:0,(anonymous_2)
FNDA:1,(anonymous_3)
FNDA:1,(anonymous_4)
FNDA:0,(anonymous_5)
FNDA:0,(anonymous_6)
DA:5,1
DA:6,1
DA:7,1
DA:8,1
DA:9,0
DA:11,1
DA:12,1
DA:14,1
DA:15,1
DA:18,1
DA:33,0
DA:38,0
LF:12
LH:9
BRDA:29,0,0,1
BRDA:29,0,1,0
BRDA:34,1,0,1
BRDA:34,1,1,0
BRF:4
BRH:2
end_of_record
TN:
SF:client/src/components/QuestionsAndAnswers/SearchAnswers.jsx
FN:3,(anonymous_0)
FN:7,(anonymous_1)
FNF:2
FNH:1
FNDA:1,(anonymous_0)
FNDA:0,(anonymous_1)
DA:3,1
DA:5,1
DA:7,1
DA:8,0
DA:9,0
DA:12,1
LF:6
LH:4
BRF:0
BRH:0
end_of_record
